<?xml version='1.0' encoding='UTF-8'?>
<testsuite hostname="Silvios-MacBook-Air.local" name="com.sbt.SimpleTest" tests="1" errors="0" failures="0" skipped="0" time="0.015" timestamp="2022-12-14T18:52:15">
          <properties>
      <property name="awt.toolkit" value="sun.lwawt.macosx.LWCToolkit"/><property name="java.specification.version" value="11"/><property name="sun.cpu.isalist" value=""/><property name="sun.jnu.encoding" value="UTF-8"/><property name="sun.arch.data.model" value="64"/><property name="sbt.supershell" value="false"/><property name="java.vendor.url" value="https://bell-sw.com/"/><property name="sun.boot.library.path" value="/Users/silvionormeygomez/Library/Java/JavaVirtualMachines/liberica-11.0.15/lib"/><property name="sun.java.command" value="/Users/silvionormeygomez/Library/Application Support/JetBrains/IdeaIC2022.1/plugins/Scala/launcher/sbt-launch.jar early(addPluginSbtFile=&quot;&quot;&quot;/private/var/folders/jj/_gstb0r15n387mrxj4wh_fgw0000gn/T/idea6.sbt&quot;&quot;&quot;) ; set ideaPort in Global := 49195 ; idea-shell"/><property name="jdk.debug" value="release"/><property name="java.specification.vendor" value="Oracle Corporation"/><property name="java.version.date" value="2022-04-19"/><property name="java.home" value="/Users/silvionormeygomez/Library/Java/JavaVirtualMachines/liberica-11.0.15"/><property name="file.separator" value="/"/><property name="java.vm.compressedOopsMode" value="Zero based"/><property name="line.separator" value="
"/><property name="java.specification.name" value="Java Platform API Specification"/><property name="java.vm.specification.vendor" value="Oracle Corporation"/><property name="idea.installation.dir" value="/Applications/IntelliJ IDEA CE.app/Contents"/><property name="sun.management.compiler" value="HotSpot 64-Bit Tiered Compilers"/><property name="java.runtime.version" value="11.0.15+10-LTS"/><property name="user.name" value="silvionormeygomez"/><property name="log4j.ignoreTCL" value="true"/><property name="file.encoding" value="UTF-8"/><property name="java.io.tmpdir" value="/var/folders/jj/_gstb0r15n387mrxj4wh_fgw0000gn/T/"/><property name="java.version" value="11.0.15"/><property name="java.vm.specification.name" value="Java Virtual Machine Specification"/><property name="java.awt.printerjob" value="sun.lwawt.macosx.CPrinterJob"/><property name="sun.os.patch.level" value="unknown"/><property name="java.library.path" value="/Users/silvionormeygomez/Library/Java/Extensions:/Library/Java/Extensions:/Network/Library/Java/Extensions:/System/Library/Java/Extensions:/usr/lib/java:."/><property name="java.vendor" value="BellSoft"/><property name="sun.io.unicode.encoding" value="UnicodeBig"/><property name="socksNonProxyHosts" value="local|*.local|169.254/16|*.169.254/16"/><property name="gopherProxySet" value="false"/><property name="java.class.path" value="/Users/silvionormeygomez/Library/Application Support/JetBrains/IdeaIC2022.1/plugins/Scala/launcher/sbt-launch.jar"/><property name="java.vm.vendor" value="BellSoft"/><property name="jline.shutdownhook" value="false"/><property name="user.timezone" value="America/Sao_Paulo"/><property name="os.name" value="Mac OS X"/><property name="java.vm.specification.version" value="11"/><property name="sun.java.launcher" value="SUN_STANDARD"/><property name="user.country" value="BR"/><property name="http.nonProxyHosts" value="local|*.local|169.254/16|*.169.254/16"/><property name="sun.cpu.endian" value="little"/><property name="user.home" value="/Users/silvionormeygomez"/><property name="user.language" value="en"/><property name="sbt.ipcsocket.tmpdir" value="/var/folders/jj/_gstb0r15n387mrxj4wh_fgw0000gn/T/.sbt9d77e423/ipcsocket"/><property name="swoval.tmpdir" value="/var/folders/jj/_gstb0r15n387mrxj4wh_fgw0000gn/T/.sbt9d77e423/swoval"/><property name="java.awt.graphicsenv" value="sun.awt.CGraphicsEnvironment"/><property name="jline.esc.timeout" value="0"/><property name="ftp.nonProxyHosts" value="local|*.local|169.254/16|*.169.254/16"/><property name="path.separator" value=":"/><property name="os.version" value="13.0.1"/><property name="jna.nosys" value="true"/><property name="java.runtime.name" value="OpenJDK Runtime Environment"/><property name="java.vm.name" value="OpenJDK 64-Bit Server VM"/><property name="java.vendor.url.bug" value="https://bell-sw.com/support"/><property name="user.dir" value="/Users/silvionormeygomez/Documents/GitHub/sbt_rock_jvm_2"/><property name="os.arch" value="aarch64"/><property name="idea.managed" value="true"/><property name="java.vm.info" value="mixed mode"/><property name="java.vm.version" value="11.0.15+10-LTS"/><property name="java.class.version" value="55.0"/>
    </properties>
          <testcase classname="com.sbt.SimpleTest" name="This is a simple test" time="0.015">
                      
                    </testcase>
          <system-out><![CDATA[]]></system-out>
          <system-err><![CDATA[]]></system-err>
        </testsuite>